2020-08-12 13:22:17,891 - INFO - Beginning execution of phydms in directory /Users/skhilton/Desktop/SARS-phydms

2020-08-12 13:22:17,891 - INFO - Progress is being logged to results/phydms_comprehensive/0.7/ExpCM_expr_log.log

2020-08-12 13:22:17,891 - INFO - Version information:
	Time and date: Wed Aug 12 13:22:17 2020
	Platform: Darwin-19.3.0-x86_64-i386-64bit
	Python version: 3.7.7 (default, May  6 2020, 04:59:01)  [Clang 4.0.1 (tags/RELEASE_401/final)]
	phydms version: 2.3.8
	Bio version: 1.77
	cython version: 0.29.19
	numpy version: 1.18.1
	scipy version: 1.4.1
	matplotlib version: 3.2.1
	natsort version: 7.0.1
	sympy version: 1.6
	six version: 1.14.0
	pandas version: 1.0.3
	pyvolve version: 1.0.1
	statsmodels version: 0.11.1
	weblogolib version: 3.5.0
	PyPDF2 version: 1.26.0

2020-08-12 13:22:17,892 - INFO - Parsed the following arguments:
	alignment = results/alignments/RBD_0.7.fasta
	tree = results/phydms_comprehensive/0.7/RAxML_tree.newick
	model = ('ExpCM', 'results/prefs/expr.csv')
	outprefix = results/phydms_comprehensive/0.7/ExpCM_expr
	brlen = optimize
	gammaomega = False
	gammabeta = False
	omegabysite = True
	omegabysite_fixsyn = False
	diffprefsbysite = True
	diffprefsprior = ('invquadratic', 150.0, 0.5)
	fitphi = False
	randprefs = False
	avgprefs = False
	divpressure = None
	ncpus = 1
	fitprefsmethod = 2
	ncats = 4
	minbrlen = 1e-06
	minpref = 0.002
	seed = 1
	initparams = None
	profile = False
	opt_details = False
	nograd = False

2020-08-12 13:22:17,892 - INFO - Random number seed: 1

2020-08-12 13:22:17,892 - INFO - Reading alignment from results/alignments/RBD_0.7.fasta
2020-08-12 13:22:17,959 - INFO - Read 23 aligned sequences from results/alignments/RBD_0.7.fasta, each consisting of 201 codons.

2020-08-12 13:22:17,960 - INFO - The model will be an ExpCM informed by site-specific amino-acid preferences in results/prefs/expr.csv
2020-08-12 13:22:18,204 - INFO - Successfully read site-specific amino-acid preferences for all 201 sites.

2020-08-12 13:22:18,205 - INFO - Nucleotide frequency parameters phi will be set so stationary state matches alignment nucleotide frequencies of A = 0.272, C = 0.193, G = 0.187, T = 0.348

2020-08-12 13:22:18,559 - INFO - Reading tree from results/phydms_comprehensive/0.7/RAxML_tree.newick
2020-08-12 13:22:18,561 - INFO - Tree has 23 tips.
2020-08-12 13:22:18,564 - INFO - Adjusted 1 branch lengths up to minbrlen 1e-06

2020-08-12 13:22:18,564 - INFO - Initializing TreeLikelihood..
2020-08-12 13:22:21,487 - INFO - TreeLikelihood initialized.
2020-08-12 13:22:21,487 - INFO - Maximizing log likelihood (initially -3325.44).
2020-08-12 13:22:21,487 - INFO - Branch lengths will be optimized individually.
2020-08-12 13:25:24,213 - INFO - Maximization complete:
	Step 1: optimized parameters, loglik went from -3325.44 to -3044.87 (16 iterations, 22 function evals)
	Step 2: optimized branches, loglik went from -3044.87 to -3041.05 (60 iterations, 69 function evals)
	Step 3: optimized parameters, loglik went from -3041.05 to -3041.04 (4 iterations, 8 function evals)
2020-08-12 13:25:24,215 - INFO - Optimized log likelihood is -3041.04.
2020-08-12 13:25:24,215 - INFO - Writing log likelihood to results/phydms_comprehensive/0.7/ExpCM_expr_loglikelihood.txt
2020-08-12 13:25:24,216 - INFO - Model parameters after optimization:
	beta = 1.48515
	kappa = 1.70839
	omega = 0.258242
	phiA = 0.270613
	phiC = 0.174934
	phiG = 0.159033
2020-08-12 13:25:24,216 - INFO - Writing model parameters to results/phydms_comprehensive/0.7/ExpCM_expr_modelparams.txt
2020-08-12 13:25:24,216 - INFO - Writing the optimized tree to results/phydms_comprehensive/0.7/ExpCM_expr_tree.newick

2020-08-12 13:25:24,218 - INFO - 
Fitting a different omega to each site to detect diversifying selection.
2020-08-12 13:25:24,218 - INFO - Will fit different synonymous rate for each site.
2020-08-12 13:25:24,218 - INFO - Fitting with 1 CPUs...
2020-08-12 13:26:34,526 - WARNING - /Users/skhilton/miniconda3/envs/SARS-phydms/bin/phydms:477: DeprecationWarning: scipy.where is deprecated and will be removed in SciPy 2.0.0, use numpy.where instead
  pvalues, 1)

2020-08-12 13:26:34,526 - WARNING - /Users/skhilton/miniconda3/envs/SARS-phydms/bin/phydms:480: DeprecationWarning: scipy.minimum is deprecated and will be removed in SciPy 2.0.0, use numpy.minimum instead
  qvalues = scipy.minimum(qvalues, qvalues_sign)

2020-08-12 13:26:34,526 - WARNING - /Users/skhilton/miniconda3/envs/SARS-phydms/bin/phydms:477: DeprecationWarning: scipy.where is deprecated and will be removed in SciPy 2.0.0, use numpy.where instead
  pvalues, 1)

2020-08-12 13:26:34,527 - WARNING - /Users/skhilton/miniconda3/envs/SARS-phydms/bin/phydms:480: DeprecationWarning: scipy.minimum is deprecated and will be removed in SciPy 2.0.0, use numpy.minimum instead
  qvalues = scipy.minimum(qvalues, qvalues_sign)

2020-08-12 13:26:34,527 - WARNING - /Users/skhilton/miniconda3/envs/SARS-phydms/bin/phydms:481: DeprecationWarning: scipy.argsort is deprecated and will be removed in SciPy 2.0.0, use numpy.argsort instead
  sortindex = scipy.argsort(qvalues)

2020-08-12 13:26:34,527 - WARNING - /Users/skhilton/miniconda3/envs/SARS-phydms/bin/phydms:482: DeprecationWarning: scipy.take is deprecated and will be removed in SciPy 2.0.0, use numpy.take instead
  qvalues = scipy.take(qvalues, sortindex)

2020-08-12 13:26:34,527 - WARNING - /Users/skhilton/miniconda3/envs/SARS-phydms/bin/phydms:483: DeprecationWarning: scipy.take is deprecated and will be removed in SciPy 2.0.0, use numpy.take instead
  omega_strs = scipy.take(omega_strs, sortindex)

2020-08-12 13:26:34,528 - INFO - Completed fitting the site-specific omega values.
2020-08-12 13:26:34,528 - INFO - Writing results to results/phydms_comprehensive/0.7/ExpCM_expr_omegabysite.txt

2020-08-12 13:26:34,528 - INFO - 
Fitting differential preferences for each site to detect differential selection.
2020-08-12 13:26:34,528 - INFO - For the fitting, using ExpCM_fitprefs2 implementation as specified by fitprefsmethod = 2
2020-08-12 13:26:34,528 - INFO - Fitting with 1 CPUs...
2020-08-12 13:32:27,391 - WARNING - /Users/skhilton/miniconda3/envs/SARS-phydms/lib/python3.7/site-packages/phydmslib/treelikelihood.py:452: UserWarning: Optimization failure 1
b'ABNORMAL_TERMINATION_IN_LNSRCH'
Step 1: optimized parameters, loglik went from -40.96 to -40.95 (2 iterations, 52 function evals)

Re-trying with different initial params.
  "Re-trying with different initial params.")

2020-08-12 13:32:32,879 - WARNING - /Users/skhilton/miniconda3/envs/SARS-phydms/bin/phydms:82: UserWarning: Optimization failed with primary model; trying secondary model.
Error message:
Optimization failure 2
b'ABNORMAL_TERMINATION_IN_LNSRCH'
Step 1: optimized parameters, loglik went from -40.96 to -40.95 (2 iterations, 52 function evals)
Step 1: optimized parameters, loglik went from -40.96 to -40.78 (14 iterations, 72 function evals)
  "Error message:\n{0}".format(str(err)))

2020-08-12 13:32:56,864 - WARNING - /Users/skhilton/miniconda3/envs/SARS-phydms/lib/python3.7/site-packages/phydmslib/treelikelihood.py:452: UserWarning: Optimization failure 1
b'ABNORMAL_TERMINATION_IN_LNSRCH'
Step 1: optimized parameters, loglik went from -34.57 to -34.48 (3 iterations, 46 function evals)

Re-trying with different initial params.
  "Re-trying with different initial params.")

2020-08-12 13:33:48,411 - WARNING - /Users/skhilton/miniconda3/envs/SARS-phydms/lib/python3.7/site-packages/phydmslib/treelikelihood.py:438: UserWarning: Optimizer reports convergence, but max element in Jacobian is 1573.730677339386
Summary of optimization:
['Step 1: optimized parameters, loglik went from -77.28 to -72.28 (42 iterations, 79 function evals)']
  jacmax, summary))

2020-08-12 13:35:39,348 - INFO - Completed fitting site-specific differential preferences.
2020-08-12 13:35:39,348 - INFO - Writing results to results/phydms_comprehensive/0.7/ExpCM_expr_diffprefsbysite.txt

2020-08-12 13:35:39,349 - INFO - Successful completion of phydms
