2020-08-12 18:46:48,770 - INFO - Beginning execution of phydms in directory /Users/skhilton/Desktop/SARS-phydms

2020-08-12 18:46:48,770 - INFO - Progress is being logged to results/phydms_comprehensive/0.6/ExpCM_max_entropy_log.log

2020-08-12 18:46:48,770 - INFO - Version information:
	Time and date: Wed Aug 12 18:46:47 2020
	Platform: Darwin-19.3.0-x86_64-i386-64bit
	Python version: 3.7.7 (default, May  6 2020, 04:59:01)  [Clang 4.0.1 (tags/RELEASE_401/final)]
	phydms version: 2.3.8
	Bio version: 1.77
	cython version: 0.29.19
	numpy version: 1.18.1
	scipy version: 1.4.1
	matplotlib version: 3.2.1
	natsort version: 7.0.1
	sympy version: 1.6
	six version: 1.14.0
	pandas version: 1.0.3
	pyvolve version: 1.0.1
	statsmodels version: 0.11.1
	weblogolib version: 3.5.0
	PyPDF2 version: 1.26.0

2020-08-12 18:46:48,771 - INFO - Parsed the following arguments:
	alignment = results/alignments/RBD_0.6.fasta
	tree = results/phydms_comprehensive/0.6/RAxML_tree.newick
	model = ('ExpCM', 'results/prefs/max_entropy.csv')
	outprefix = results/phydms_comprehensive/0.6/ExpCM_max_entropy
	brlen = optimize
	gammaomega = False
	gammabeta = False
	omegabysite = True
	omegabysite_fixsyn = False
	diffprefsbysite = True
	diffprefsprior = ('invquadratic', 150.0, 0.5)
	fitphi = False
	randprefs = False
	avgprefs = False
	divpressure = None
	ncpus = 1
	fitprefsmethod = 2
	ncats = 4
	minbrlen = 1e-06
	minpref = 0.002
	seed = 1
	initparams = None
	profile = False
	opt_details = False
	nograd = False

2020-08-12 18:46:48,771 - INFO - Random number seed: 1

2020-08-12 18:46:48,771 - INFO - Reading alignment from results/alignments/RBD_0.6.fasta
2020-08-12 18:46:48,926 - INFO - Read 45 aligned sequences from results/alignments/RBD_0.6.fasta, each consisting of 201 codons.

2020-08-12 18:46:48,926 - INFO - The model will be an ExpCM informed by site-specific amino-acid preferences in results/prefs/max_entropy.csv
2020-08-12 18:46:49,231 - INFO - Successfully read site-specific amino-acid preferences for all 201 sites.

2020-08-12 18:46:49,232 - INFO - Nucleotide frequency parameters phi will be set so stationary state matches alignment nucleotide frequencies of A = 0.273, C = 0.194, G = 0.187, T = 0.345

2020-08-12 18:46:49,675 - INFO - Reading tree from results/phydms_comprehensive/0.6/RAxML_tree.newick
2020-08-12 18:46:49,678 - INFO - Tree has 45 tips.
2020-08-12 18:46:49,690 - INFO - Adjusted 1 branch lengths up to minbrlen 1e-06

2020-08-12 18:46:49,690 - INFO - Initializing TreeLikelihood..
2020-08-12 18:46:56,305 - INFO - TreeLikelihood initialized.
2020-08-12 18:46:56,306 - INFO - Maximizing log likelihood (initially -7193.63).
2020-08-12 18:46:56,306 - INFO - Branch lengths will be optimized individually.
2020-08-12 18:55:37,778 - INFO - Maximization complete:
	Step 1: optimized parameters, loglik went from -7193.63 to -6508.96 (15 iterations, 21 function evals)
	Step 2: optimized branches, loglik went from -6508.96 to -6500.99 (82 iterations, 89 function evals)
	Step 3: optimized parameters, loglik went from -6500.99 to -6500.71 (8 iterations, 12 function evals)
	Step 4: optimized branches, loglik went from -6500.71 to -6500.67 (7 iterations, 12 function evals)
	Step 5: optimized parameters, loglik went from -6500.67 to -6500.66 (2 iterations, 5 function evals)
2020-08-12 18:55:37,779 - INFO - Optimized log likelihood is -6500.66.
2020-08-12 18:55:37,779 - INFO - Writing log likelihood to results/phydms_comprehensive/0.6/ExpCM_max_entropy_loglikelihood.txt
2020-08-12 18:55:37,781 - INFO - Model parameters after optimization:
	beta = 1.11689
	kappa = 2.18581
	omega = 0.166887
	phiA = 0.285321
	phiC = 0.182566
	phiG = 0.165826
2020-08-12 18:55:37,781 - INFO - Writing model parameters to results/phydms_comprehensive/0.6/ExpCM_max_entropy_modelparams.txt
2020-08-12 18:55:37,781 - INFO - Writing the optimized tree to results/phydms_comprehensive/0.6/ExpCM_max_entropy_tree.newick

2020-08-12 18:55:37,784 - INFO - 
Fitting a different omega to each site to detect diversifying selection.
2020-08-12 18:55:37,784 - INFO - Will fit different synonymous rate for each site.
2020-08-12 18:55:37,784 - INFO - Fitting with 1 CPUs...
2020-08-12 18:57:43,343 - WARNING - /Users/skhilton/miniconda3/envs/SARS-phydms/bin/phydms:477: DeprecationWarning: scipy.where is deprecated and will be removed in SciPy 2.0.0, use numpy.where instead
  pvalues, 1)

2020-08-12 18:57:43,344 - WARNING - /Users/skhilton/miniconda3/envs/SARS-phydms/bin/phydms:480: DeprecationWarning: scipy.minimum is deprecated and will be removed in SciPy 2.0.0, use numpy.minimum instead
  qvalues = scipy.minimum(qvalues, qvalues_sign)

2020-08-12 18:57:43,344 - WARNING - /Users/skhilton/miniconda3/envs/SARS-phydms/bin/phydms:477: DeprecationWarning: scipy.where is deprecated and will be removed in SciPy 2.0.0, use numpy.where instead
  pvalues, 1)

2020-08-12 18:57:43,344 - WARNING - /Users/skhilton/miniconda3/envs/SARS-phydms/bin/phydms:480: DeprecationWarning: scipy.minimum is deprecated and will be removed in SciPy 2.0.0, use numpy.minimum instead
  qvalues = scipy.minimum(qvalues, qvalues_sign)

2020-08-12 18:57:43,344 - WARNING - /Users/skhilton/miniconda3/envs/SARS-phydms/bin/phydms:481: DeprecationWarning: scipy.argsort is deprecated and will be removed in SciPy 2.0.0, use numpy.argsort instead
  sortindex = scipy.argsort(qvalues)

2020-08-12 18:57:43,344 - WARNING - /Users/skhilton/miniconda3/envs/SARS-phydms/bin/phydms:482: DeprecationWarning: scipy.take is deprecated and will be removed in SciPy 2.0.0, use numpy.take instead
  qvalues = scipy.take(qvalues, sortindex)

2020-08-12 18:57:43,344 - WARNING - /Users/skhilton/miniconda3/envs/SARS-phydms/bin/phydms:483: DeprecationWarning: scipy.take is deprecated and will be removed in SciPy 2.0.0, use numpy.take instead
  omega_strs = scipy.take(omega_strs, sortindex)

2020-08-12 18:57:43,345 - INFO - Completed fitting the site-specific omega values.
2020-08-12 18:57:43,345 - INFO - Writing results to results/phydms_comprehensive/0.6/ExpCM_max_entropy_omegabysite.txt

2020-08-12 18:57:43,346 - INFO - 
Fitting differential preferences for each site to detect differential selection.
2020-08-12 18:57:43,346 - INFO - For the fitting, using ExpCM_fitprefs2 implementation as specified by fitprefsmethod = 2
2020-08-12 18:57:43,346 - INFO - Fitting with 1 CPUs...
2020-08-12 18:59:26,162 - WARNING - /Users/skhilton/miniconda3/envs/SARS-phydms/lib/python3.7/site-packages/phydmslib/treelikelihood.py:438: UserWarning: Optimizer reports convergence, but max element in Jacobian is 4738.47470287521
Summary of optimization:
['Step 1: optimized parameters, loglik went from -102.58 to -99.16 (40 iterations, 77 function evals)']
  jacmax, summary))

2020-08-12 19:04:23,731 - WARNING - /Users/skhilton/miniconda3/envs/SARS-phydms/lib/python3.7/site-packages/phydmslib/treelikelihood.py:438: UserWarning: Optimizer reports convergence, but max element in Jacobian is 1763.1066712036459
Summary of optimization:
['Step 1: optimized parameters, loglik went from -100.81 to -94.03 (37 iterations, 65 function evals)']
  jacmax, summary))

2020-08-12 19:08:20,841 - WARNING - /Users/skhilton/miniconda3/envs/SARS-phydms/lib/python3.7/site-packages/phydmslib/treelikelihood.py:452: UserWarning: Optimization failure 1
b'ABNORMAL_TERMINATION_IN_LNSRCH'
Step 1: optimized parameters, loglik went from -41.54 to -38.82 (6 iterations, 47 function evals)

Re-trying with different initial params.
  "Re-trying with different initial params.")

2020-08-12 19:09:04,802 - WARNING - /Users/skhilton/miniconda3/envs/SARS-phydms/lib/python3.7/site-packages/phydmslib/treelikelihood.py:438: UserWarning: Optimizer reports convergence, but max element in Jacobian is 1776.8985730299755
Summary of optimization:
['Step 1: optimized parameters, loglik went from -108.92 to -102.15 (29 iterations, 50 function evals)']
  jacmax, summary))

2020-08-12 19:11:28,713 - INFO - Completed fitting site-specific differential preferences.
2020-08-12 19:11:28,714 - INFO - Writing results to results/phydms_comprehensive/0.6/ExpCM_max_entropy_diffprefsbysite.txt

2020-08-12 19:11:28,715 - INFO - Successful completion of phydms
