2020-08-12 18:14:28,929 - INFO - Beginning execution of phydms in directory /Users/skhilton/Desktop/SARS-phydms

2020-08-12 18:14:28,930 - INFO - Progress is being logged to results/phydms_comprehensive/0.6/ExpCM_expr_log.log

2020-08-12 18:14:28,930 - INFO - Version information:
	Time and date: Wed Aug 12 18:14:27 2020
	Platform: Darwin-19.3.0-x86_64-i386-64bit
	Python version: 3.7.7 (default, May  6 2020, 04:59:01)  [Clang 4.0.1 (tags/RELEASE_401/final)]
	phydms version: 2.3.8
	Bio version: 1.77
	cython version: 0.29.19
	numpy version: 1.18.1
	scipy version: 1.4.1
	matplotlib version: 3.2.1
	natsort version: 7.0.1
	sympy version: 1.6
	six version: 1.14.0
	pandas version: 1.0.3
	pyvolve version: 1.0.1
	statsmodels version: 0.11.1
	weblogolib version: 3.5.0
	PyPDF2 version: 1.26.0

2020-08-12 18:14:28,930 - INFO - Parsed the following arguments:
	alignment = results/alignments/RBD_0.6.fasta
	tree = results/phydms_comprehensive/0.6/RAxML_tree.newick
	model = ('ExpCM', 'results/prefs/expr.csv')
	outprefix = results/phydms_comprehensive/0.6/ExpCM_expr
	brlen = optimize
	gammaomega = False
	gammabeta = False
	omegabysite = True
	omegabysite_fixsyn = False
	diffprefsbysite = True
	diffprefsprior = ('invquadratic', 150.0, 0.5)
	fitphi = False
	randprefs = False
	avgprefs = False
	divpressure = None
	ncpus = 1
	fitprefsmethod = 2
	ncats = 4
	minbrlen = 1e-06
	minpref = 0.002
	seed = 1
	initparams = None
	profile = False
	opt_details = False
	nograd = False

2020-08-12 18:14:28,930 - INFO - Random number seed: 1

2020-08-12 18:14:28,930 - INFO - Reading alignment from results/alignments/RBD_0.6.fasta
2020-08-12 18:14:29,087 - INFO - Read 45 aligned sequences from results/alignments/RBD_0.6.fasta, each consisting of 201 codons.

2020-08-12 18:14:29,087 - INFO - The model will be an ExpCM informed by site-specific amino-acid preferences in results/prefs/expr.csv
2020-08-12 18:14:29,408 - INFO - Successfully read site-specific amino-acid preferences for all 201 sites.

2020-08-12 18:14:29,409 - INFO - Nucleotide frequency parameters phi will be set so stationary state matches alignment nucleotide frequencies of A = 0.273, C = 0.194, G = 0.187, T = 0.345

2020-08-12 18:14:29,865 - INFO - Reading tree from results/phydms_comprehensive/0.6/RAxML_tree.newick
2020-08-12 18:14:29,868 - INFO - Tree has 45 tips.
2020-08-12 18:14:29,879 - INFO - Adjusted 1 branch lengths up to minbrlen 1e-06

2020-08-12 18:14:29,880 - INFO - Initializing TreeLikelihood..
2020-08-12 18:14:37,254 - INFO - TreeLikelihood initialized.
2020-08-12 18:14:37,255 - INFO - Maximizing log likelihood (initially -7223.03).
2020-08-12 18:14:37,255 - INFO - Branch lengths will be optimized individually.
2020-08-12 18:24:52,970 - INFO - Maximization complete:
	Step 1: optimized parameters, loglik went from -7223.03 to -6499.00 (17 iterations, 23 function evals)
	Step 2: optimized branches, loglik went from -6499.00 to -6491.46 (93 iterations, 100 function evals)
	Step 3: optimized parameters, loglik went from -6491.46 to -6491.10 (8 iterations, 12 function evals)
	Step 4: optimized branches, loglik went from -6491.10 to -6491.05 (5 iterations, 10 function evals)
	Step 5: optimized parameters, loglik went from -6491.05 to -6491.04 (2 iterations, 5 function evals)
2020-08-12 18:24:52,972 - INFO - Optimized log likelihood is -6491.04.
2020-08-12 18:24:52,972 - INFO - Writing log likelihood to results/phydms_comprehensive/0.6/ExpCM_expr_loglikelihood.txt
2020-08-12 18:24:52,973 - INFO - Model parameters after optimization:
	beta = 1.26304
	kappa = 2.1786
	omega = 0.161254
	phiA = 0.276543
	phiC = 0.177892
	phiG = 0.16316
2020-08-12 18:24:52,973 - INFO - Writing model parameters to results/phydms_comprehensive/0.6/ExpCM_expr_modelparams.txt
2020-08-12 18:24:52,974 - INFO - Writing the optimized tree to results/phydms_comprehensive/0.6/ExpCM_expr_tree.newick

2020-08-12 18:24:52,976 - INFO - 
Fitting a different omega to each site to detect diversifying selection.
2020-08-12 18:24:52,977 - INFO - Will fit different synonymous rate for each site.
2020-08-12 18:24:52,977 - INFO - Fitting with 1 CPUs...
2020-08-12 18:26:51,411 - WARNING - /Users/skhilton/miniconda3/envs/SARS-phydms/bin/phydms:477: DeprecationWarning: scipy.where is deprecated and will be removed in SciPy 2.0.0, use numpy.where instead
  pvalues, 1)

2020-08-12 18:26:51,411 - WARNING - /Users/skhilton/miniconda3/envs/SARS-phydms/bin/phydms:480: DeprecationWarning: scipy.minimum is deprecated and will be removed in SciPy 2.0.0, use numpy.minimum instead
  qvalues = scipy.minimum(qvalues, qvalues_sign)

2020-08-12 18:26:51,412 - WARNING - /Users/skhilton/miniconda3/envs/SARS-phydms/bin/phydms:477: DeprecationWarning: scipy.where is deprecated and will be removed in SciPy 2.0.0, use numpy.where instead
  pvalues, 1)

2020-08-12 18:26:51,412 - WARNING - /Users/skhilton/miniconda3/envs/SARS-phydms/bin/phydms:480: DeprecationWarning: scipy.minimum is deprecated and will be removed in SciPy 2.0.0, use numpy.minimum instead
  qvalues = scipy.minimum(qvalues, qvalues_sign)

2020-08-12 18:26:51,412 - WARNING - /Users/skhilton/miniconda3/envs/SARS-phydms/bin/phydms:481: DeprecationWarning: scipy.argsort is deprecated and will be removed in SciPy 2.0.0, use numpy.argsort instead
  sortindex = scipy.argsort(qvalues)

2020-08-12 18:26:51,412 - WARNING - /Users/skhilton/miniconda3/envs/SARS-phydms/bin/phydms:482: DeprecationWarning: scipy.take is deprecated and will be removed in SciPy 2.0.0, use numpy.take instead
  qvalues = scipy.take(qvalues, sortindex)

2020-08-12 18:26:51,412 - WARNING - /Users/skhilton/miniconda3/envs/SARS-phydms/bin/phydms:483: DeprecationWarning: scipy.take is deprecated and will be removed in SciPy 2.0.0, use numpy.take instead
  omega_strs = scipy.take(omega_strs, sortindex)

2020-08-12 18:26:51,413 - INFO - Completed fitting the site-specific omega values.
2020-08-12 18:26:51,413 - INFO - Writing results to results/phydms_comprehensive/0.6/ExpCM_expr_omegabysite.txt

2020-08-12 18:26:51,414 - INFO - 
Fitting differential preferences for each site to detect differential selection.
2020-08-12 18:26:51,414 - INFO - For the fitting, using ExpCM_fitprefs2 implementation as specified by fitprefsmethod = 2
2020-08-12 18:26:51,414 - INFO - Fitting with 1 CPUs...
2020-08-12 18:35:21,181 - WARNING - /Users/skhilton/miniconda3/envs/SARS-phydms/lib/python3.7/site-packages/phydmslib/treelikelihood.py:438: UserWarning: Optimizer reports convergence, but max element in Jacobian is 2191.2190943612372
Summary of optimization:
['Step 1: optimized parameters, loglik went from -101.76 to -94.67 (25 iterations, 58 function evals)']
  jacmax, summary))

2020-08-12 18:38:03,903 - WARNING - /Users/skhilton/miniconda3/envs/SARS-phydms/lib/python3.7/site-packages/phydmslib/treelikelihood.py:452: UserWarning: Optimization failure 1
b'ABNORMAL_TERMINATION_IN_LNSRCH'
Step 1: optimized parameters, loglik went from -52.53 to -52.52 (2 iterations, 43 function evals)

Re-trying with different initial params.
  "Re-trying with different initial params.")

2020-08-12 18:38:14,936 - WARNING - /Users/skhilton/miniconda3/envs/SARS-phydms/bin/phydms:82: UserWarning: Optimization failed with primary model; trying secondary model.
Error message:
Optimization failure 2
loglik increased in param optimization from -52.5276245254521 to -54.28974262864025
Step 1: optimized parameters, loglik went from -52.53 to -52.52 (2 iterations, 43 function evals)
Step 1: optimized parameters, loglik went from -52.53 to -54.29 (5 iterations, 52 function evals)
  "Error message:\n{0}".format(str(err)))

2020-08-12 18:38:45,385 - WARNING - /Users/skhilton/miniconda3/envs/SARS-phydms/lib/python3.7/site-packages/phydmslib/treelikelihood.py:452: UserWarning: Optimization failure 1
b'ABNORMAL_TERMINATION_IN_LNSRCH'
Step 1: optimized parameters, loglik went from -45.23 to -45.21 (2 iterations, 43 function evals)

Re-trying with different initial params.
  "Re-trying with different initial params.")

2020-08-12 18:39:50,882 - WARNING - /Users/skhilton/miniconda3/envs/SARS-phydms/lib/python3.7/site-packages/phydmslib/treelikelihood.py:452: UserWarning: Optimization failure 1
b'ABNORMAL_TERMINATION_IN_LNSRCH'
Step 1: optimized parameters, loglik went from -41.25 to -41.24 (2 iterations, 51 function evals)

Re-trying with different initial params.
  "Re-trying with different initial params.")

2020-08-12 18:42:36,006 - WARNING - /Users/skhilton/miniconda3/envs/SARS-phydms/lib/python3.7/site-packages/phydmslib/treelikelihood.py:438: UserWarning: Optimizer reports convergence, but max element in Jacobian is 1116.7888621437073
Summary of optimization:
['Step 1: optimized parameters, loglik went from -110.35 to -103.70 (19 iterations, 35 function evals)']
  jacmax, summary))

2020-08-12 18:46:44,138 - INFO - Completed fitting site-specific differential preferences.
2020-08-12 18:46:44,138 - INFO - Writing results to results/phydms_comprehensive/0.6/ExpCM_expr_diffprefsbysite.txt

2020-08-12 18:46:44,139 - INFO - Successful completion of phydms
