2020-08-12 17:51:06,084 - INFO - Beginning execution of phydms in directory /Users/skhilton/Desktop/SARS-phydms

2020-08-12 17:51:06,084 - INFO - Progress is being logged to results/phydms_comprehensive/0.6/YNGKP_M0_log.log

2020-08-12 17:51:06,084 - INFO - Version information:
	Time and date: Wed Aug 12 17:51:05 2020
	Platform: Darwin-19.3.0-x86_64-i386-64bit
	Python version: 3.7.7 (default, May  6 2020, 04:59:01)  [Clang 4.0.1 (tags/RELEASE_401/final)]
	phydms version: 2.3.8
	Bio version: 1.77
	cython version: 0.29.19
	numpy version: 1.18.1
	scipy version: 1.4.1
	matplotlib version: 3.2.1
	natsort version: 7.0.1
	sympy version: 1.6
	six version: 1.14.0
	pandas version: 1.0.3
	pyvolve version: 1.0.1
	statsmodels version: 0.11.1
	weblogolib version: 3.5.0
	PyPDF2 version: 1.26.0

2020-08-12 17:51:06,084 - INFO - Parsed the following arguments:
	alignment = results/alignments/RBD_0.6.fasta
	tree = results/phydms_comprehensive/0.6/RAxML_tree.newick
	model = YNGKP_M0
	outprefix = results/phydms_comprehensive/0.6/YNGKP_M0
	brlen = optimize
	gammaomega = False
	gammabeta = False
	omegabysite = True
	omegabysite_fixsyn = False
	diffprefsbysite = False
	diffprefsprior = ('invquadratic', 150.0, 0.5)
	fitphi = False
	randprefs = False
	avgprefs = False
	divpressure = None
	ncpus = 1
	fitprefsmethod = 2
	ncats = 4
	minbrlen = 1e-06
	minpref = 0.002
	seed = 1
	initparams = None
	profile = False
	opt_details = False
	nograd = False

2020-08-12 17:51:06,084 - INFO - Random number seed: 1

2020-08-12 17:51:06,084 - INFO - Reading alignment from results/alignments/RBD_0.6.fasta
2020-08-12 17:51:06,226 - INFO - Read 45 aligned sequences from results/alignments/RBD_0.6.fasta, each consisting of 201 codons.

2020-08-12 17:51:06,227 - INFO - Codon substitution model with be M0 version of YNGKP (Yang, Nielsen, Goldman, & Pederson. Genetics. 155:431-449).
2020-08-12 17:51:06,235 - INFO - Reading tree from results/phydms_comprehensive/0.6/RAxML_tree.newick
2020-08-12 17:51:06,237 - INFO - Tree has 45 tips.
2020-08-12 17:51:06,244 - INFO - Adjusted 1 branch lengths up to minbrlen 1e-06

2020-08-12 17:51:06,244 - INFO - Initializing TreeLikelihood..
2020-08-12 17:51:07,020 - INFO - TreeLikelihood initialized.
2020-08-12 17:51:07,020 - INFO - Maximizing log likelihood (initially -8246.89).
2020-08-12 17:51:07,020 - INFO - Branch lengths will be optimized individually.
2020-08-12 17:54:30,293 - INFO - Maximization complete:
	Step 1: optimized parameters, loglik went from -8246.89 to -7076.53 (18 iterations, 28 function evals)
	Step 2: optimized branches, loglik went from -7076.53 to -7065.10 (82 iterations, 90 function evals)
	Step 3: optimized parameters, loglik went from -7065.10 to -7064.32 (8 iterations, 15 function evals)
	Step 4: optimized branches, loglik went from -7064.32 to -7064.15 (20 iterations, 23 function evals)
	Step 5: optimized parameters, loglik went from -7064.15 to -7064.11 (2 iterations, 5 function evals)
	Step 6: optimized branches, loglik went from -7064.11 to -7064.11 (4 iterations, 7 function evals)
2020-08-12 17:54:30,293 - INFO - Optimized log likelihood is -7064.11.
2020-08-12 17:54:30,293 - INFO - Writing log likelihood to results/phydms_comprehensive/0.6/YNGKP_M0_loglikelihood.txt
2020-08-12 17:54:30,293 - INFO - Model parameters after optimization:
	kappa = 1.97663
	omega = 0.0456111
	phi0A = 0.267747
	phi0C = 0.12981
	phi0G = 0.274665
	phi1A = 0.329155
	phi1C = 0.260718
	phi1G = 0.167201
	phi2A = 0.259437
	phi2C = 0.16056
	phi2G = 0.116333
2020-08-12 17:54:30,294 - INFO - Writing model parameters to results/phydms_comprehensive/0.6/YNGKP_M0_modelparams.txt
2020-08-12 17:54:30,294 - INFO - Writing the optimized tree to results/phydms_comprehensive/0.6/YNGKP_M0_tree.newick

2020-08-12 17:54:30,295 - INFO - 
Fitting a different omega to each site to detect diversifying selection.
2020-08-12 17:54:30,295 - INFO - Will fit different synonymous rate for each site.
2020-08-12 17:54:30,295 - INFO - Fitting with 1 CPUs...
2020-08-12 17:56:54,690 - WARNING - /Users/skhilton/miniconda3/envs/SARS-phydms/bin/phydms:477: DeprecationWarning: scipy.where is deprecated and will be removed in SciPy 2.0.0, use numpy.where instead
  pvalues, 1)

2020-08-12 17:56:54,690 - WARNING - /Users/skhilton/miniconda3/envs/SARS-phydms/bin/phydms:480: DeprecationWarning: scipy.minimum is deprecated and will be removed in SciPy 2.0.0, use numpy.minimum instead
  qvalues = scipy.minimum(qvalues, qvalues_sign)

2020-08-12 17:56:54,690 - WARNING - /Users/skhilton/miniconda3/envs/SARS-phydms/bin/phydms:477: DeprecationWarning: scipy.where is deprecated and will be removed in SciPy 2.0.0, use numpy.where instead
  pvalues, 1)

2020-08-12 17:56:54,691 - WARNING - /Users/skhilton/miniconda3/envs/SARS-phydms/bin/phydms:480: DeprecationWarning: scipy.minimum is deprecated and will be removed in SciPy 2.0.0, use numpy.minimum instead
  qvalues = scipy.minimum(qvalues, qvalues_sign)

2020-08-12 17:56:54,691 - WARNING - /Users/skhilton/miniconda3/envs/SARS-phydms/bin/phydms:481: DeprecationWarning: scipy.argsort is deprecated and will be removed in SciPy 2.0.0, use numpy.argsort instead
  sortindex = scipy.argsort(qvalues)

2020-08-12 17:56:54,691 - WARNING - /Users/skhilton/miniconda3/envs/SARS-phydms/bin/phydms:482: DeprecationWarning: scipy.take is deprecated and will be removed in SciPy 2.0.0, use numpy.take instead
  qvalues = scipy.take(qvalues, sortindex)

2020-08-12 17:56:54,691 - WARNING - /Users/skhilton/miniconda3/envs/SARS-phydms/bin/phydms:483: DeprecationWarning: scipy.take is deprecated and will be removed in SciPy 2.0.0, use numpy.take instead
  omega_strs = scipy.take(omega_strs, sortindex)

2020-08-12 17:56:54,691 - INFO - Completed fitting the site-specific omega values.
2020-08-12 17:56:54,691 - INFO - Writing results to results/phydms_comprehensive/0.6/YNGKP_M0_omegabysite.txt

2020-08-12 17:56:54,692 - INFO - Successful completion of phydms
